Build started 01.12.2015 14:51:18.
     1>Project "c:\Users\evelan-e6540\documents\visual studio 2015\Projects\oswietlenie-2\oswietlenie-2\oswietlenie-2.vcxproj" on node 2 (Build target(s)).
     1>ClCompile:
         C:\Program Files (x86)\Microsoft Visual Studio 14.0\VC\bin\CL.exe /c /I"c:\Users\evelan-e6540\documents\visual studio 2015\Projects\oswietlenie-2\packages\nupengl.core.0.1.0.1\build\native\../..//build/native/include/" /ZI /nologo /W3 /WX- /sdl /Od /Oy- /D _MBCS /Gm /EHsc /RTC1 /MDd /GS /fp:precise /Zc:wchar_t /Zc:forScope /Zc:inline /Fo"Debug\\" /Fd"Debug\vc140.pdb" /Gd /TP /analyze- /errorReport:prompt main.cpp
         main.cpp
     1>c:\users\evelan-e6540\documents\visual studio 2015\projects\oswietlenie-2\oswietlenie-2\main.cpp(69): warning C4244: '=': conversion from 'double' to 'float', possible loss of data
     1>c:\users\evelan-e6540\documents\visual studio 2015\projects\oswietlenie-2\oswietlenie-2\main.cpp(70): warning C4244: '=': conversion from 'double' to 'float', possible loss of data
     1>c:\users\evelan-e6540\documents\visual studio 2015\projects\oswietlenie-2\oswietlenie-2\main.cpp(71): warning C4244: '=': conversion from 'double' to 'float', possible loss of data
     1>c:\users\evelan-e6540\documents\visual studio 2015\projects\oswietlenie-2\oswietlenie-2\main.cpp(76): warning C4244: '=': conversion from 'double' to 'float', possible loss of data
     1>c:\users\evelan-e6540\documents\visual studio 2015\projects\oswietlenie-2\oswietlenie-2\main.cpp(77): warning C4244: '=': conversion from 'double' to 'float', possible loss of data
     1>c:\users\evelan-e6540\documents\visual studio 2015\projects\oswietlenie-2\oswietlenie-2\main.cpp(78): warning C4244: '=': conversion from 'double' to 'float', possible loss of data
     1>c:\users\evelan-e6540\documents\visual studio 2015\projects\oswietlenie-2\oswietlenie-2\main.cpp(80): warning C4244: '=': conversion from 'double' to 'float', possible loss of data
     1>c:\users\evelan-e6540\documents\visual studio 2015\projects\oswietlenie-2\oswietlenie-2\main.cpp(82): warning C4244: '=': conversion from 'double' to 'float', possible loss of data
     1>c:\users\evelan-e6540\documents\visual studio 2015\projects\oswietlenie-2\oswietlenie-2\main.cpp(325): warning C4305: 'initializing': truncation from 'double' to 'float'
     1>c:\users\evelan-e6540\documents\visual studio 2015\projects\oswietlenie-2\oswietlenie-2\main.cpp(357): warning C4244: '=': conversion from 'double' to 'GLfloat', possible loss of data
     1>c:\users\evelan-e6540\documents\visual studio 2015\projects\oswietlenie-2\oswietlenie-2\main.cpp(358): warning C4305: '*=': truncation from 'double' to 'GLfloat'
       Link:
         C:\Program Files (x86)\Microsoft Visual Studio 14.0\VC\bin\link.exe /ERRORREPORT:PROMPT /OUT:"c:\users\evelan-e6540\documents\visual studio 2015\Projects\oswietlenie-2\Debug\oswietlenie-2.exe" /INCREMENTAL /NOLOGO "c:\Users\evelan-e6540\documents\visual studio 2015\Projects\oswietlenie-2\packages\nupengl.core.0.1.0.1\build\native\../..//build/native/lib/Win32\glew32.lib" "c:\Users\evelan-e6540\documents\visual studio 2015\Projects\oswietlenie-2\packages\nupengl.core.0.1.0.1\build\native\../..//build/native/lib/Win32\glfw3dll.lib" "c:\Users\evelan-e6540\documents\visual studio 2015\Projects\oswietlenie-2\packages\nupengl.core.0.1.0.1\build\native\../..//build/native/lib/Win32\freeglut.lib" kernel32.lib user32.lib gdi32.lib winspool.lib comdlg32.lib advapi32.lib shell32.lib ole32.lib oleaut32.lib uuid.lib odbc32.lib odbccp32.lib /MANIFEST /MANIFESTUAC:"level='asInvoker' uiAccess='false'" /manifest:embed /Debug /PDB:"c:\users\evelan-e6540\documents\visual studio 2015\Projects\oswietlenie-2\Debug\oswietlenie-2.pdb" /TLBID:1 /DYNAMICBASE /NXCOMPAT /IMPLIB:"c:\users\evelan-e6540\documents\visual studio 2015\Projects\oswietlenie-2\Debug\oswietlenie-2.lib" /MACHINE:X86 Debug\main.obj
         oswietlenie-2.vcxproj -> c:\users\evelan-e6540\documents\visual studio 2015\Projects\oswietlenie-2\Debug\oswietlenie-2.exe
     1>Done Building Project "c:\Users\evelan-e6540\documents\visual studio 2015\Projects\oswietlenie-2\oswietlenie-2\oswietlenie-2.vcxproj" (Build target(s)).

Build succeeded.

Time Elapsed 00:00:00.98
