Build started 01.12.2015 13:43:46.
     1>Project "C:\Users\Evelan-E6540\documents\visual studio 2015\Projects\oswietlenie\oswietlenie\oswietlenie.vcxproj" on node 2 (Build target(s)).
     1>ClCompile:
         C:\Program Files (x86)\Microsoft Visual Studio 14.0\VC\bin\CL.exe /c /I"C:\Users\Evelan-E6540\documents\visual studio 2015\Projects\oswietlenie\packages\nupengl.core.0.1.0.1\build\native\../..//build/native/include/" /ZI /nologo /W3 /WX- /sdl /Od /Oy- /D _MBCS /Gm /EHsc /RTC1 /MDd /GS /fp:precise /Zc:wchar_t /Zc:forScope /Zc:inline /Fo"Debug\\" /Fd"Debug\vc140.pdb" /Gd /TP /analyze- /errorReport:prompt main.cpp
         main.cpp
     1>c:\users\evelan-e6540\documents\visual studio 2015\projects\oswietlenie\oswietlenie\main.cpp(83): warning C4244: '=': conversion from 'double' to 'float', possible loss of data
     1>c:\users\evelan-e6540\documents\visual studio 2015\projects\oswietlenie\oswietlenie\main.cpp(84): warning C4244: '=': conversion from 'double' to 'float', possible loss of data
     1>c:\users\evelan-e6540\documents\visual studio 2015\projects\oswietlenie\oswietlenie\main.cpp(85): warning C4244: '=': conversion from 'double' to 'float', possible loss of data
     1>c:\users\evelan-e6540\documents\visual studio 2015\projects\oswietlenie\oswietlenie\main.cpp(90): warning C4244: '=': conversion from 'double' to 'float', possible loss of data
     1>c:\users\evelan-e6540\documents\visual studio 2015\projects\oswietlenie\oswietlenie\main.cpp(91): warning C4244: '=': conversion from 'double' to 'float', possible loss of data
     1>c:\users\evelan-e6540\documents\visual studio 2015\projects\oswietlenie\oswietlenie\main.cpp(92): warning C4244: '=': conversion from 'double' to 'float', possible loss of data
     1>c:\users\evelan-e6540\documents\visual studio 2015\projects\oswietlenie\oswietlenie\main.cpp(94): warning C4244: '=': conversion from 'double' to 'float', possible loss of data
     1>c:\users\evelan-e6540\documents\visual studio 2015\projects\oswietlenie\oswietlenie\main.cpp(96): warning C4244: '=': conversion from 'double' to 'float', possible loss of data
     1>c:\users\evelan-e6540\documents\visual studio 2015\projects\oswietlenie\oswietlenie\main.cpp(268): warning C4244: 'initializing': conversion from 'double' to 'float', possible loss of data
     1>c:\users\evelan-e6540\documents\visual studio 2015\projects\oswietlenie\oswietlenie\main.cpp(422): warning C4244: '=': conversion from 'double' to 'GLfloat', possible loss of data
       Link:
         C:\Program Files (x86)\Microsoft Visual Studio 14.0\VC\bin\link.exe /ERRORREPORT:PROMPT /OUT:"C:\Users\Evelan-E6540\documents\visual studio 2015\Projects\oswietlenie\Debug\oswietlenie.exe" /INCREMENTAL /NOLOGO "C:\Users\Evelan-E6540\documents\visual studio 2015\Projects\oswietlenie\packages\nupengl.core.0.1.0.1\build\native\../..//build/native/lib/Win32\glew32.lib" "C:\Users\Evelan-E6540\documents\visual studio 2015\Projects\oswietlenie\packages\nupengl.core.0.1.0.1\build\native\../..//build/native/lib/Win32\glfw3dll.lib" "C:\Users\Evelan-E6540\documents\visual studio 2015\Projects\oswietlenie\packages\nupengl.core.0.1.0.1\build\native\../..//build/native/lib/Win32\freeglut.lib" kernel32.lib user32.lib gdi32.lib winspool.lib comdlg32.lib advapi32.lib shell32.lib ole32.lib oleaut32.lib uuid.lib odbc32.lib odbccp32.lib /MANIFEST /MANIFESTUAC:"level='asInvoker' uiAccess='false'" /manifest:embed /Debug /PDB:"C:\Users\Evelan-E6540\documents\visual studio 2015\Projects\oswietlenie\Debug\oswietlenie.pdb" /TLBID:1 /DYNAMICBASE /NXCOMPAT /IMPLIB:"C:\Users\Evelan-E6540\documents\visual studio 2015\Projects\oswietlenie\Debug\oswietlenie.lib" /MACHINE:X86 Debug\main.obj
         oswietlenie.vcxproj -> C:\Users\Evelan-E6540\documents\visual studio 2015\Projects\oswietlenie\Debug\oswietlenie.exe
     1>Done Building Project "C:\Users\Evelan-E6540\documents\visual studio 2015\Projects\oswietlenie\oswietlenie\oswietlenie.vcxproj" (Build target(s)).

Build succeeded.

Time Elapsed 00:00:00.98
